[ 2016-01-04T08:01:58+08:00 ] 127.0.0.1 /tp3/index.php
INFO: [ app_init ] --START--
INFO: Run Behavior\BuildLiteBehavior [ RunTime:0.000026s ]
INFO: [ app_init ] --END-- [ RunTime:0.000192s ]
INFO: [ app_begin ] --START--
INFO: Run Behavior\ReadHtmlCacheBehavior [ RunTime:0.000087s ]
INFO: [ app_begin ] --END-- [ RunTime:0.000177s ]

[ 2016-01-04T08:02:41+08:00 ] 127.0.0.1 /tp3/index.php
INFO: [ app_init ] --START--
INFO: Run Behavior\BuildLiteBehavior [ RunTime:0.000020s ]
INFO: [ app_init ] --END-- [ RunTime:0.000154s ]
INFO: [ app_begin ] --START--
INFO: Run Behavior\ReadHtmlCacheBehavior [ RunTime:0.000073s ]
INFO: [ app_begin ] --END-- [ RunTime:0.000144s ]

[ 2016-01-04T08:02:43+08:00 ] 127.0.0.1 /tp3/index.php
INFO: [ app_init ] --START--
INFO: Run Behavior\BuildLiteBehavior [ RunTime:0.000038s ]
INFO: [ app_init ] --END-- [ RunTime:0.000267s ]
INFO: [ app_begin ] --START--
INFO: Run Behavior\ReadHtmlCacheBehavior [ RunTime:0.000103s ]
INFO: [ app_begin ] --END-- [ RunTime:0.000235s ]

[ 2016-01-04T08:03:10+08:00 ] 127.0.0.1 /tp3/index.php
INFO: [ app_init ] --START--
INFO: Run Behavior\BuildLiteBehavior [ RunTime:0.000046s ]
INFO: [ app_init ] --END-- [ RunTime:0.000222s ]
INFO: [ app_begin ] --START--
INFO: Run Behavior\ReadHtmlCacheBehavior [ RunTime:0.000099s ]
INFO: [ app_begin ] --END-- [ RunTime:0.000199s ]

[ 2016-01-04T08:03:21+08:00 ] 127.0.0.1 /tp3/index.php
INFO: [ app_init ] --START--
INFO: Run Behavior\BuildLiteBehavior [ RunTime:0.000027s ]
INFO: [ app_init ] --END-- [ RunTime:0.000217s ]
INFO: [ app_begin ] --START--
INFO: Run Behavior\ReadHtmlCacheBehavior [ RunTime:0.000108s ]
INFO: [ app_begin ] --END-- [ RunTime:0.000215s ]

[ 2016-01-04T08:03:36+08:00 ] 127.0.0.1 /tp3/index.php
INFO: [ app_init ] --START--
INFO: Run Behavior\BuildLiteBehavior [ RunTime:0.000035s ]
INFO: [ app_init ] --END-- [ RunTime:0.000250s ]
INFO: [ app_begin ] --START--
INFO: Run Behavior\ReadHtmlCacheBehavior [ RunTime:0.000125s ]
INFO: [ app_begin ] --END-- [ RunTime:0.000257s ]

[ 2016-01-04T08:04:07+08:00 ] 127.0.0.1 /tp3/index.php
INFO: [ app_init ] --START--
INFO: Run Behavior\BuildLiteBehavior [ RunTime:0.000028s ]
INFO: [ app_init ] --END-- [ RunTime:0.000212s ]
INFO: [ app_begin ] --START--
INFO: Run Behavior\ReadHtmlCacheBehavior [ RunTime:0.000105s ]
INFO: [ app_begin ] --END-- [ RunTime:0.000217s ]

[ 2016-01-04T08:04:08+08:00 ] 127.0.0.1 /tp3/index.php
INFO: [ app_init ] --START--
INFO: Run Behavior\BuildLiteBehavior [ RunTime:0.000023s ]
INFO: [ app_init ] --END-- [ RunTime:0.000164s ]
INFO: [ app_begin ] --START--
INFO: Run Behavior\ReadHtmlCacheBehavior [ RunTime:0.000072s ]
INFO: [ app_begin ] --END-- [ RunTime:0.000158s ]

[ 2016-01-04T08:04:17+08:00 ] 127.0.0.1 /tp3/index.php
INFO: [ app_init ] --START--
INFO: Run Behavior\BuildLiteBehavior [ RunTime:0.000020s ]
INFO: [ app_init ] --END-- [ RunTime:0.000142s ]
INFO: [ app_begin ] --START--
INFO: Run Behavior\ReadHtmlCacheBehavior [ RunTime:0.000069s ]
INFO: [ app_begin ] --END-- [ RunTime:0.000140s ]

[ 2016-01-04T08:04:18+08:00 ] 127.0.0.1 /tp3/index.php
INFO: [ app_init ] --START--
INFO: Run Behavior\BuildLiteBehavior [ RunTime:0.000047s ]
INFO: [ app_init ] --END-- [ RunTime:0.000321s ]
INFO: [ app_begin ] --START--
INFO: Run Behavior\ReadHtmlCacheBehavior [ RunTime:0.000157s ]
INFO: [ app_begin ] --END-- [ RunTime:0.000346s ]

[ 2016-01-04T08:04:33+08:00 ] 127.0.0.1 /tp3/index.php
INFO: [ app_init ] --START--
INFO: Run Behavior\BuildLiteBehavior [ RunTime:0.000025s ]
INFO: [ app_init ] --END-- [ RunTime:0.000204s ]
INFO: [ app_begin ] --START--
INFO: Run Behavior\ReadHtmlCacheBehavior [ RunTime:0.000082s ]
INFO: [ app_begin ] --END-- [ RunTime:0.000164s ]

[ 2016-01-04T21:51:10+08:00 ] 127.0.0.1 /tp3/index.php
INFO: [ app_init ] --START--
INFO: Run Behavior\BuildLiteBehavior [ RunTime:0.000045s ]
INFO: [ app_init ] --END-- [ RunTime:0.000358s ]
INFO: [ app_begin ] --START--
INFO: Run Behavior\ReadHtmlCacheBehavior [ RunTime:0.000645s ]
INFO: [ app_begin ] --END-- [ RunTime:0.000784s ]

[ 2016-01-04T21:51:12+08:00 ] 127.0.0.1 /tp3/index.php
INFO: [ app_init ] --START--
INFO: Run Behavior\BuildLiteBehavior [ RunTime:0.000013s ]
INFO: [ app_init ] --END-- [ RunTime:0.000088s ]
INFO: [ app_begin ] --START--
INFO: Run Behavior\ReadHtmlCacheBehavior [ RunTime:0.000036s ]
INFO: [ app_begin ] --END-- [ RunTime:0.000080s ]

[ 2016-01-04T21:51:47+08:00 ] 127.0.0.1 /tp3/index.php
INFO: [ app_init ] --START--
INFO: Run Behavior\BuildLiteBehavior [ RunTime:0.000014s ]
INFO: [ app_init ] --END-- [ RunTime:0.000099s ]
INFO: [ app_begin ] --START--
INFO: Run Behavior\ReadHtmlCacheBehavior [ RunTime:0.000044s ]
INFO: [ app_begin ] --END-- [ RunTime:0.000089s ]

[ 2016-01-04T21:54:57+08:00 ] 127.0.0.1 /tp3/index.php
INFO: [ app_init ] --START--
INFO: Run Behavior\BuildLiteBehavior [ RunTime:0.000032s ]
INFO: [ app_init ] --END-- [ RunTime:0.000244s ]
INFO: [ app_begin ] --START--
INFO: Run Behavior\ReadHtmlCacheBehavior [ RunTime:0.000549s ]
INFO: [ app_begin ] --END-- [ RunTime:0.000670s ]

[ 2016-01-04T22:16:47+08:00 ] 127.0.0.1 /tp3/index.php
INFO: [ app_init ] --START--
INFO: Run Behavior\BuildLiteBehavior [ RunTime:0.000032s ]
INFO: [ app_init ] --END-- [ RunTime:0.000265s ]
INFO: [ app_begin ] --START--
INFO: Run Behavior\ReadHtmlCacheBehavior [ RunTime:0.000396s ]
INFO: [ app_begin ] --END-- [ RunTime:0.000806s ]

[ 2016-01-04T22:17:23+08:00 ] 127.0.0.1 /tp3/index.php
INFO: [ app_init ] --START--
INFO: Run Behavior\BuildLiteBehavior [ RunTime:0.000023s ]
INFO: [ app_init ] --END-- [ RunTime:0.000170s ]
INFO: [ app_begin ] --START--
INFO: Run Behavior\ReadHtmlCacheBehavior [ RunTime:0.000081s ]
INFO: [ app_begin ] --END-- [ RunTime:0.000162s ]

[ 2016-01-04T22:17:36+08:00 ] 127.0.0.1 /tp3/index.php
INFO: [ app_init ] --START--
INFO: Run Behavior\BuildLiteBehavior [ RunTime:0.000031s ]
INFO: [ app_init ] --END-- [ RunTime:0.000228s ]
INFO: [ app_begin ] --START--
INFO: Run Behavior\ReadHtmlCacheBehavior [ RunTime:0.000107s ]
INFO: [ app_begin ] --END-- [ RunTime:0.000220s ]

[ 2016-01-04T22:17:39+08:00 ] 127.0.0.1 /tp3/index.php
INFO: [ app_init ] --START--
INFO: Run Behavior\BuildLiteBehavior [ RunTime:0.000034s ]
INFO: [ app_init ] --END-- [ RunTime:0.000240s ]
INFO: [ app_begin ] --START--
INFO: Run Behavior\ReadHtmlCacheBehavior [ RunTime:0.000115s ]
INFO: [ app_begin ] --END-- [ RunTime:0.000230s ]

[ 2016-01-04T22:17:46+08:00 ] 127.0.0.1 /tp3/index.php
INFO: [ app_init ] --START--
INFO: Run Behavior\BuildLiteBehavior [ RunTime:0.000029s ]
INFO: [ app_init ] --END-- [ RunTime:0.000208s ]
INFO: [ app_begin ] --START--
INFO: Run Behavior\ReadHtmlCacheBehavior [ RunTime:0.000100s ]
INFO: [ app_begin ] --END-- [ RunTime:0.000203s ]

[ 2016-01-04T22:18:13+08:00 ] 127.0.0.1 /tp3/index.php
INFO: [ app_init ] --START--
INFO: Run Behavior\BuildLiteBehavior [ RunTime:0.000018s ]
INFO: [ app_init ] --END-- [ RunTime:0.000136s ]
INFO: [ app_begin ] --START--
INFO: Run Behavior\ReadHtmlCacheBehavior [ RunTime:0.000064s ]
INFO: [ app_begin ] --END-- [ RunTime:0.000131s ]

[ 2016-01-04T22:24:04+08:00 ] 127.0.0.1 /tp3/index.php
INFO: [ app_init ] --START--
INFO: Run Behavior\BuildLiteBehavior [ RunTime:0.000017s ]
INFO: [ app_init ] --END-- [ RunTime:0.000132s ]
INFO: [ app_begin ] --START--
INFO: Run Behavior\ReadHtmlCacheBehavior [ RunTime:0.000062s ]
INFO: [ app_begin ] --END-- [ RunTime:0.000124s ]

[ 2016-01-04T22:33:27+08:00 ] 127.0.0.1 /tp3/index.php
INFO: [ app_init ] --START--
INFO: Run Behavior\BuildLiteBehavior [ RunTime:0.000026s ]
INFO: [ app_init ] --END-- [ RunTime:0.000191s ]
INFO: [ app_begin ] --START--
INFO: Run Behavior\ReadHtmlCacheBehavior [ RunTime:0.000122s ]
INFO: [ app_begin ] --END-- [ RunTime:0.000218s ]

[ 2016-01-04T22:33:34+08:00 ] 127.0.0.1 /tp3/index.php
INFO: [ app_init ] --START--
INFO: Run Behavior\BuildLiteBehavior [ RunTime:0.000023s ]
INFO: [ app_init ] --END-- [ RunTime:0.000176s ]
INFO: [ app_begin ] --START--
INFO: Run Behavior\ReadHtmlCacheBehavior [ RunTime:0.000088s ]
INFO: [ app_begin ] --END-- [ RunTime:0.000177s ]

[ 2016-01-04T22:36:52+08:00 ] 127.0.0.1 /tp3/index.php
INFO: [ app_init ] --START--
INFO: Run Behavior\BuildLiteBehavior [ RunTime:0.000019s ]
INFO: [ app_init ] --END-- [ RunTime:0.000142s ]
INFO: [ app_begin ] --START--
INFO: Run Behavior\ReadHtmlCacheBehavior [ RunTime:0.000079s ]
INFO: [ app_begin ] --END-- [ RunTime:0.000154s ]

[ 2016-01-04T22:37:10+08:00 ] 127.0.0.1 /tp3/index.php
INFO: [ app_init ] --START--
INFO: Run Behavior\BuildLiteBehavior [ RunTime:0.000020s ]
INFO: [ app_init ] --END-- [ RunTime:0.000153s ]
INFO: [ app_begin ] --START--
INFO: Run Behavior\ReadHtmlCacheBehavior [ RunTime:0.000077s ]
INFO: [ app_begin ] --END-- [ RunTime:0.000153s ]

[ 2016-01-04T22:37:13+08:00 ] 127.0.0.1 /tp3/index.php
INFO: [ app_init ] --START--
INFO: Run Behavior\BuildLiteBehavior [ RunTime:0.000016s ]
INFO: [ app_init ] --END-- [ RunTime:0.000124s ]
INFO: [ app_begin ] --START--
INFO: Run Behavior\ReadHtmlCacheBehavior [ RunTime:0.000059s ]
INFO: [ app_begin ] --END-- [ RunTime:0.000118s ]

[ 2016-01-04T22:37:19+08:00 ] 127.0.0.1 /tp3/index.php
INFO: [ app_init ] --START--
INFO: Run Behavior\BuildLiteBehavior [ RunTime:0.000027s ]
INFO: [ app_init ] --END-- [ RunTime:0.000207s ]
INFO: [ app_begin ] --START--
INFO: Run Behavior\ReadHtmlCacheBehavior [ RunTime:0.000104s ]
INFO: [ app_begin ] --END-- [ RunTime:0.000209s ]

[ 2016-01-04T22:37:41+08:00 ] 127.0.0.1 /tp3/index.php
INFO: [ app_init ] --START--
INFO: Run Behavior\BuildLiteBehavior [ RunTime:0.000024s ]
INFO: [ app_init ] --END-- [ RunTime:0.000171s ]
INFO: [ app_begin ] --START--
INFO: Run Behavior\ReadHtmlCacheBehavior [ RunTime:0.000083s ]
INFO: [ app_begin ] --END-- [ RunTime:0.000164s ]

[ 2016-01-04T22:42:12+08:00 ] 127.0.0.1 /tp3/index.php
INFO: [ app_init ] --START--
INFO: Run Behavior\BuildLiteBehavior [ RunTime:0.000022s ]
INFO: [ app_init ] --END-- [ RunTime:0.000167s ]
INFO: [ app_begin ] --START--
INFO: Run Behavior\ReadHtmlCacheBehavior [ RunTime:0.000083s ]
INFO: [ app_begin ] --END-- [ RunTime:0.000167s ]

[ 2016-01-04T22:42:56+08:00 ] 127.0.0.1 /tp3/index.php
INFO: [ app_init ] --START--
INFO: Run Behavior\BuildLiteBehavior [ RunTime:0.000026s ]
INFO: [ app_init ] --END-- [ RunTime:0.000192s ]
INFO: [ app_begin ] --START--
INFO: Run Behavior\ReadHtmlCacheBehavior [ RunTime:0.000093s ]
INFO: [ app_begin ] --END-- [ RunTime:0.000187s ]

[ 2016-01-04T22:43:04+08:00 ] 127.0.0.1 /tp3/index.php
INFO: [ app_init ] --START--
INFO: Run Behavior\BuildLiteBehavior [ RunTime:0.000027s ]
INFO: [ app_init ] --END-- [ RunTime:0.000207s ]
INFO: [ app_begin ] --START--
INFO: Run Behavior\ReadHtmlCacheBehavior [ RunTime:0.000104s ]
INFO: [ app_begin ] --END-- [ RunTime:0.000209s ]

[ 2016-01-04T22:44:18+08:00 ] 127.0.0.1 /tp3/index.php
INFO: [ app_init ] --START--
INFO: Run Behavior\BuildLiteBehavior [ RunTime:0.000032s ]
INFO: [ app_init ] --END-- [ RunTime:0.000236s ]
INFO: [ app_begin ] --START--
INFO: Run Behavior\ReadHtmlCacheBehavior [ RunTime:0.000119s ]
INFO: [ app_begin ] --END-- [ RunTime:0.000242s ]

[ 2016-01-04T22:44:20+08:00 ] 127.0.0.1 /tp3/index.php
INFO: [ app_init ] --START--
INFO: Run Behavior\BuildLiteBehavior [ RunTime:0.000033s ]
INFO: [ app_init ] --END-- [ RunTime:0.000217s ]
INFO: [ app_begin ] --START--
INFO: Run Behavior\ReadHtmlCacheBehavior [ RunTime:0.000098s ]
INFO: [ app_begin ] --END-- [ RunTime:0.000219s ]

[ 2016-01-04T22:45:00+08:00 ] 127.0.0.1 /tp3/index.php
INFO: [ app_init ] --START--
INFO: Run Behavior\BuildLiteBehavior [ RunTime:0.000020s ]
INFO: [ app_init ] --END-- [ RunTime:0.000147s ]
INFO: [ app_begin ] --START--
INFO: Run Behavior\ReadHtmlCacheBehavior [ RunTime:0.000069s ]
INFO: [ app_begin ] --END-- [ RunTime:0.000140s ]

[ 2016-01-04T22:45:47+08:00 ] 127.0.0.1 /tp3/index.php
INFO: [ app_init ] --START--
INFO: Run Behavior\BuildLiteBehavior [ RunTime:0.000032s ]
INFO: [ app_init ] --END-- [ RunTime:0.000236s ]
INFO: [ app_begin ] --START--
INFO: Run Behavior\ReadHtmlCacheBehavior [ RunTime:0.000118s ]
INFO: [ app_begin ] --END-- [ RunTime:0.000232s ]

[ 2016-01-04T22:46:01+08:00 ] 127.0.0.1 /tp3/index.php
INFO: [ app_init ] --START--
INFO: Run Behavior\BuildLiteBehavior [ RunTime:0.000031s ]
INFO: [ app_init ] --END-- [ RunTime:0.000240s ]
INFO: [ app_begin ] --START--
INFO: Run Behavior\ReadHtmlCacheBehavior [ RunTime:0.000114s ]
INFO: [ app_begin ] --END-- [ RunTime:0.000231s ]

[ 2016-01-04T22:46:11+08:00 ] 127.0.0.1 /tp3/index.php
INFO: [ app_init ] --START--
INFO: Run Behavior\BuildLiteBehavior [ RunTime:0.000030s ]
INFO: [ app_init ] --END-- [ RunTime:0.000228s ]
INFO: [ app_begin ] --START--
INFO: Run Behavior\ReadHtmlCacheBehavior [ RunTime:0.000113s ]
INFO: [ app_begin ] --END-- [ RunTime:0.000238s ]
NOTIC: [8] Use of undefined constant VALUE - assumed 'VALUE' /usr/local/server/nginx/html/tp3/Application/Home/Common/Constants/Constant.class.php 第 4 行.

[ 2016-01-04T22:46:21+08:00 ] 127.0.0.1 /tp3/index.php
INFO: [ app_init ] --START--
INFO: Run Behavior\BuildLiteBehavior [ RunTime:0.000038s ]
INFO: [ app_init ] --END-- [ RunTime:0.000286s ]
INFO: [ app_begin ] --START--
INFO: Run Behavior\ReadHtmlCacheBehavior [ RunTime:0.000141s ]
INFO: [ app_begin ] --END-- [ RunTime:0.000289s ]

[ 2016-01-04T22:47:24+08:00 ] 127.0.0.1 /tp3/index.php
INFO: [ app_init ] --START--
INFO: Run Behavior\BuildLiteBehavior [ RunTime:0.000020s ]
INFO: [ app_init ] --END-- [ RunTime:0.000147s ]
INFO: [ app_begin ] --START--
INFO: Run Behavior\ReadHtmlCacheBehavior [ RunTime:0.000068s ]
INFO: [ app_begin ] --END-- [ RunTime:0.000137s ]

[ 2016-01-04T22:47:44+08:00 ] 127.0.0.1 /tp3/index.php
INFO: [ app_init ] --START--
INFO: Run Behavior\BuildLiteBehavior [ RunTime:0.000019s ]
INFO: [ app_init ] --END-- [ RunTime:0.000145s ]
INFO: [ app_begin ] --START--
INFO: Run Behavior\ReadHtmlCacheBehavior [ RunTime:0.000067s ]
INFO: [ app_begin ] --END-- [ RunTime:0.000137s ]

[ 2016-01-04T22:47:47+08:00 ] 127.0.0.1 /tp3/index.php
INFO: [ app_init ] --START--
INFO: Run Behavior\BuildLiteBehavior [ RunTime:0.000022s ]
INFO: [ app_init ] --END-- [ RunTime:0.000162s ]
INFO: [ app_begin ] --START--
INFO: Run Behavior\ReadHtmlCacheBehavior [ RunTime:0.000073s ]
INFO: [ app_begin ] --END-- [ RunTime:0.000153s ]

[ 2016-01-04T22:48:17+08:00 ] 127.0.0.1 /tp3/index.php
INFO: [ app_init ] --START--
INFO: Run Behavior\BuildLiteBehavior [ RunTime:0.000027s ]
INFO: [ app_init ] --END-- [ RunTime:0.000257s ]
INFO: [ app_begin ] --START--
INFO: Run Behavior\ReadHtmlCacheBehavior [ RunTime:0.000089s ]
INFO: [ app_begin ] --END-- [ RunTime:0.000179s ]

[ 2016-01-04T22:53:52+08:00 ] 127.0.0.1 /tp3/index.php
INFO: [ app_init ] --START--
INFO: Run Behavior\BuildLiteBehavior [ RunTime:0.000022s ]
INFO: [ app_init ] --END-- [ RunTime:0.000174s ]
INFO: [ app_begin ] --START--
INFO: Run Behavior\ReadHtmlCacheBehavior [ RunTime:0.000078s ]
INFO: [ app_begin ] --END-- [ RunTime:0.000158s ]

[ 2016-01-04T22:54:06+08:00 ] 127.0.0.1 /tp3/index.php
INFO: [ app_init ] --START--
INFO: Run Behavior\BuildLiteBehavior [ RunTime:0.000023s ]
INFO: [ app_init ] --END-- [ RunTime:0.000179s ]
INFO: [ app_begin ] --START--
INFO: Run Behavior\ReadHtmlCacheBehavior [ RunTime:0.000080s ]
INFO: [ app_begin ] --END-- [ RunTime:0.000160s ]

[ 2016-01-04T22:54:19+08:00 ] 127.0.0.1 /tp3/index.php
INFO: [ app_init ] --START--
INFO: Run Behavior\BuildLiteBehavior [ RunTime:0.000030s ]
INFO: [ app_init ] --END-- [ RunTime:0.000236s ]
INFO: [ app_begin ] --START--
INFO: Run Behavior\ReadHtmlCacheBehavior [ RunTime:0.000110s ]
INFO: [ app_begin ] --END-- [ RunTime:0.000223s ]

[ 2016-01-04T22:54:36+08:00 ] 127.0.0.1 /tp3/index.php
INFO: [ app_init ] --START--
INFO: Run Behavior\BuildLiteBehavior [ RunTime:0.000032s ]
INFO: [ app_init ] --END-- [ RunTime:0.000230s ]
INFO: [ app_begin ] --START--
INFO: Run Behavior\ReadHtmlCacheBehavior [ RunTime:0.000113s ]
INFO: [ app_begin ] --END-- [ RunTime:0.000228s ]

[ 2016-01-04T22:54:46+08:00 ] 127.0.0.1 /tp3/index.php
INFO: [ app_init ] --START--
INFO: Run Behavior\BuildLiteBehavior [ RunTime:0.000023s ]
INFO: [ app_init ] --END-- [ RunTime:0.000170s ]
INFO: [ app_begin ] --START--
INFO: Run Behavior\ReadHtmlCacheBehavior [ RunTime:0.000080s ]
INFO: [ app_begin ] --END-- [ RunTime:0.000161s ]

[ 2016-01-04T22:54:56+08:00 ] 127.0.0.1 /tp3/index.php
INFO: [ app_init ] --START--
INFO: Run Behavior\BuildLiteBehavior [ RunTime:0.000025s ]
INFO: [ app_init ] --END-- [ RunTime:0.000184s ]
INFO: [ app_begin ] --START--
INFO: Run Behavior\ReadHtmlCacheBehavior [ RunTime:0.000085s ]
INFO: [ app_begin ] --END-- [ RunTime:0.000176s ]

[ 2016-01-04T23:01:45+08:00 ] 127.0.0.1 /tp3/index.php
INFO: [ app_init ] --START--
INFO: Run Behavior\BuildLiteBehavior [ RunTime:0.000033s ]
INFO: [ app_init ] --END-- [ RunTime:0.000195s ]
INFO: [ app_begin ] --START--
INFO: Run Behavior\ReadHtmlCacheBehavior [ RunTime:0.000098s ]
INFO: [ app_begin ] --END-- [ RunTime:0.000197s ]

[ 2016-01-04T23:02:43+08:00 ] 127.0.0.1 /tp3/
INFO: [ app_init ] --START--
INFO: Run Behavior\BuildLiteBehavior [ RunTime:0.000028s ]
INFO: [ app_init ] --END-- [ RunTime:0.000206s ]
INFO: [ app_begin ] --START--
INFO: Run Behavior\ReadHtmlCacheBehavior [ RunTime:0.000065s ]
INFO: [ app_begin ] --END-- [ RunTime:0.000131s ]

