[ 2016-01-02T10:58:02+08:00 ] 127.0.0.1 /tp3/index.php/Home/Index/index.html
INFO: [ app_init ] --START--
INFO: Run Behavior\BuildLiteBehavior [ RunTime:0.000038s ]
INFO: [ app_init ] --END-- [ RunTime:0.000261s ]
INFO: [ app_begin ] --START--
INFO: Run Behavior\ReadHtmlCacheBehavior [ RunTime:0.000065s ]
INFO: [ app_begin ] --END-- [ RunTime:0.000126s ]

[ 2016-01-02T10:59:16+08:00 ] 127.0.0.1 /tp3/index.php/Home/Index/index.html
INFO: [ app_init ] --START--
INFO: Run Behavior\BuildLiteBehavior [ RunTime:0.000025s ]
INFO: [ app_init ] --END-- [ RunTime:0.000197s ]
INFO: [ app_begin ] --START--
INFO: Run Behavior\ReadHtmlCacheBehavior [ RunTime:0.000094s ]
INFO: [ app_begin ] --END-- [ RunTime:0.000189s ]

[ 2016-01-02T10:59:18+08:00 ] 127.0.0.1 /tp3/index.php/Home/Index/index.html
INFO: [ app_init ] --START--
INFO: Run Behavior\BuildLiteBehavior [ RunTime:0.000025s ]
INFO: [ app_init ] --END-- [ RunTime:0.000171s ]
INFO: [ app_begin ] --START--
INFO: Run Behavior\ReadHtmlCacheBehavior [ RunTime:0.000075s ]
INFO: [ app_begin ] --END-- [ RunTime:0.000168s ]

[ 2016-01-02T10:59:33+08:00 ] 127.0.0.1 /tp3/index.php/Home/Index/index.html
INFO: [ app_init ] --START--
INFO: Run Behavior\BuildLiteBehavior [ RunTime:0.000021s ]
INFO: [ app_init ] --END-- [ RunTime:0.000157s ]
INFO: [ app_begin ] --START--
INFO: Run Behavior\ReadHtmlCacheBehavior [ RunTime:0.000082s ]
INFO: [ app_begin ] --END-- [ RunTime:0.000160s ]
NOTIC: [8] Undefined variable: options /usr/local/server/nginx/html/tp3/Application/Home/Controller/IndexController.class.php 第 18 行.

[ 2016-01-02T10:59:35+08:00 ] 127.0.0.1 /tp3/index.php/Home/Index/index.html
INFO: [ app_init ] --START--
INFO: Run Behavior\BuildLiteBehavior [ RunTime:0.000029s ]
INFO: [ app_init ] --END-- [ RunTime:0.000196s ]
INFO: [ app_begin ] --START--
INFO: Run Behavior\ReadHtmlCacheBehavior [ RunTime:0.000096s ]
INFO: [ app_begin ] --END-- [ RunTime:0.000206s ]
NOTIC: [8] Undefined variable: options /usr/local/server/nginx/html/tp3/Application/Home/Controller/IndexController.class.php 第 18 行.

[ 2016-01-02T10:59:37+08:00 ] 127.0.0.1 /tp3/index.php/Home/Index/index.html
INFO: [ app_init ] --START--
INFO: Run Behavior\BuildLiteBehavior [ RunTime:0.000022s ]
INFO: [ app_init ] --END-- [ RunTime:0.000194s ]
INFO: [ app_begin ] --START--
INFO: Run Behavior\ReadHtmlCacheBehavior [ RunTime:0.000071s ]
INFO: [ app_begin ] --END-- [ RunTime:0.000142s ]
NOTIC: [8] Undefined variable: options /usr/local/server/nginx/html/tp3/Application/Home/Controller/IndexController.class.php 第 18 行.

