[ 2016-02-23T22:05:46+08:00 ]  
INFO: [ app_init ] --START--
INFO: Run Behavior\BuildLiteBehavior [ RunTime:0.000047s ]
INFO: [ app_init ] --END-- [ RunTime:0.015619s ]
NOTIC: [8] Undefined index: REQUEST_METHOD /usr/local/server/nginx/html/tp3/ThinkPHP/Library/Think/App.class.php 第 31 行.
NOTIC: [8] Undefined index: REQUEST_URI /usr/local/server/nginx/html/tp3/ThinkPHP/Library/Think/Dispatcher.class.php 第 137 行.
INFO: [ app_begin ] --START--
INFO: Run Behavior\ReadHtmlCacheBehavior [ RunTime:0.001971s ]
INFO: [ app_begin ] --END-- [ RunTime:0.002169s ]
INFO: [ view_parse ] --START--
INFO: [ template_filter ] --START--
INFO: Run Behavior\ContentReplaceBehavior [ RunTime:0.000109s ]
INFO: [ template_filter ] --END-- [ RunTime:0.000217s ]
INFO: Run Behavior\ParseTemplateBehavior [ RunTime:0.100323s ]
INFO: [ view_parse ] --END-- [ RunTime:0.100444s ]
INFO: [ view_filter ] --START--
INFO: Run Behavior\WriteHtmlCacheBehavior [ RunTime:0.022145s ]
INFO: [ view_filter ] --END-- [ RunTime:0.022297s ]
INFO: [ app_end ] --START--
INFO: Run Behavior\ShowPageTraceBehavior [ RunTime:0.002591s ]
INFO: [ app_end ] --END-- [ RunTime:0.002712s ]

[ 2016-02-23T22:05:46+08:00 ]  
INFO: [ app_init ] --START--
INFO: Run Behavior\BuildLiteBehavior [ RunTime:0.000033s ]
INFO: [ app_init ] --END-- [ RunTime:0.000252s ]
NOTIC: [8] Undefined index: REQUEST_METHOD /usr/local/server/nginx/html/tp3/ThinkPHP/Library/Think/App.class.php 第 31 行.
NOTIC: [8] Undefined index: REQUEST_URI /usr/local/server/nginx/html/tp3/ThinkPHP/Library/Think/Dispatcher.class.php 第 137 行.

[ 2016-02-23T22:05:46+08:00 ]  
INFO: [ app_init ] --START--
INFO: Run Behavior\BuildLiteBehavior [ RunTime:0.000034s ]
INFO: [ app_init ] --END-- [ RunTime:0.000237s ]
NOTIC: [8] Undefined index: REQUEST_METHOD /usr/local/server/nginx/html/tp3/ThinkPHP/Library/Think/App.class.php 第 31 行.
NOTIC: [8] Undefined index: REQUEST_URI /usr/local/server/nginx/html/tp3/ThinkPHP/Library/Think/Dispatcher.class.php 第 137 行.

[ 2016-02-23T22:46:00+08:00 ]  
INFO: [ app_init ] --START--
INFO: Run Behavior\BuildLiteBehavior [ RunTime:0.000025s ]
INFO: [ app_init ] --END-- [ RunTime:0.016908s ]
NOTIC: [8] Undefined index: REQUEST_METHOD /usr/local/server/nginx/html/tp3/ThinkPHP/Library/Think/App.class.php 第 31 行.
NOTIC: [8] Undefined index: REQUEST_URI /usr/local/server/nginx/html/tp3/ThinkPHP/Library/Think/Dispatcher.class.php 第 137 行.
INFO: [ app_begin ] --START--
INFO: Run Behavior\ReadHtmlCacheBehavior [ RunTime:0.018546s ]
INFO: [ app_begin ] --END-- [ RunTime:0.018719s ]
INFO: [ view_parse ] --START--
INFO: [ template_filter ] --START--
INFO: Run Behavior\ContentReplaceBehavior [ RunTime:0.000096s ]
INFO: [ template_filter ] --END-- [ RunTime:0.000196s ]
INFO: Run Behavior\ParseTemplateBehavior [ RunTime:0.095184s ]
INFO: [ view_parse ] --END-- [ RunTime:0.095323s ]
INFO: [ view_filter ] --START--
INFO: Run Behavior\WriteHtmlCacheBehavior [ RunTime:0.015395s ]
INFO: [ view_filter ] --END-- [ RunTime:0.015499s ]
INFO: [ app_end ] --START--
INFO: Run Behavior\ShowPageTraceBehavior [ RunTime:0.002370s ]
INFO: [ app_end ] --END-- [ RunTime:0.002504s ]

[ 2016-02-23T22:46:01+08:00 ]  
INFO: [ app_init ] --START--
INFO: Run Behavior\BuildLiteBehavior [ RunTime:0.000023s ]
INFO: [ app_init ] --END-- [ RunTime:0.000147s ]
NOTIC: [8] Undefined index: REQUEST_METHOD /usr/local/server/nginx/html/tp3/ThinkPHP/Library/Think/App.class.php 第 31 行.
NOTIC: [8] Undefined index: REQUEST_URI /usr/local/server/nginx/html/tp3/ThinkPHP/Library/Think/Dispatcher.class.php 第 137 行.

[ 2016-02-23T22:46:01+08:00 ]  
INFO: [ app_init ] --START--
INFO: Run Behavior\BuildLiteBehavior [ RunTime:0.000043s ]
INFO: [ app_init ] --END-- [ RunTime:0.000290s ]
NOTIC: [8] Undefined index: REQUEST_METHOD /usr/local/server/nginx/html/tp3/ThinkPHP/Library/Think/App.class.php 第 31 行.
NOTIC: [8] Undefined index: REQUEST_URI /usr/local/server/nginx/html/tp3/ThinkPHP/Library/Think/Dispatcher.class.php 第 137 行.

[ 2016-02-23T23:22:03+08:00 ]  
INFO: [ app_init ] --START--
INFO: Run Behavior\BuildLiteBehavior [ RunTime:0.000017s ]
INFO: [ app_init ] --END-- [ RunTime:0.000123s ]
NOTIC: [8] Undefined index: REQUEST_METHOD /usr/local/server/nginx/html/tp3/ThinkPHP/Library/Think/App.class.php 第 31 行.
NOTIC: [8] Undefined index: REQUEST_URI /usr/local/server/nginx/html/tp3/ThinkPHP/Library/Think/Dispatcher.class.php 第 137 行.
INFO: [ app_begin ] --START--
INFO: Run Behavior\ReadHtmlCacheBehavior [ RunTime:0.000049s ]
INFO: [ app_begin ] --END-- [ RunTime:0.000097s ]
INFO: [ view_parse ] --START--
INFO: [ template_filter ] --START--
INFO: Run Behavior\ContentReplaceBehavior [ RunTime:0.000149s ]
INFO: [ template_filter ] --END-- [ RunTime:0.000293s ]
INFO: Run Behavior\ParseTemplateBehavior [ RunTime:0.058795s ]
INFO: [ view_parse ] --END-- [ RunTime:0.058889s ]
INFO: [ view_filter ] --START--
INFO: Run Behavior\WriteHtmlCacheBehavior [ RunTime:0.000126s ]
INFO: [ view_filter ] --END-- [ RunTime:0.000247s ]
INFO: [ app_end ] --START--
INFO: Run Behavior\ShowPageTraceBehavior [ RunTime:0.000373s ]
INFO: [ app_end ] --END-- [ RunTime:0.000453s ]

