[ 2016-01-01T11:00:58+08:00 ] 127.0.0.1 /tp3/index.php
NOTIC: [2] file_put_contents(./Application/Common/index.html): failed to open stream: Permission denied /usr/local/server/nginx/html/tp3/ThinkPHP/Library/Think/Build.class.php 第 161 行.
NOTIC: [2] file_put_contents(./Application/Common/Common/index.html): failed to open stream: Permission denied /usr/local/server/nginx/html/tp3/ThinkPHP/Library/Think/Build.class.php 第 161 行.
NOTIC: [2] file_put_contents(./Application/Common/Conf/index.html): failed to open stream: Permission denied /usr/local/server/nginx/html/tp3/ThinkPHP/Library/Think/Build.class.php 第 161 行.
INFO: [ app_init ] --START--
INFO: Run Behavior\BuildLiteBehavior [ RunTime:0.000013s ]
INFO: [ app_init ] --END-- [ RunTime:0.000062s ]
INFO: [ app_begin ] --START--
INFO: Run Behavior\ReadHtmlCacheBehavior [ RunTime:0.000046s ]
INFO: [ app_begin ] --END-- [ RunTime:0.000088s ]
INFO: [ view_parse ] --START--
INFO: [ template_filter ] --START--
INFO: Run Behavior\ContentReplaceBehavior [ RunTime:0.000051s ]
INFO: [ template_filter ] --END-- [ RunTime:0.000129s ]
INFO: Run Behavior\ParseTemplateBehavior [ RunTime:0.001874s ]
INFO: [ view_parse ] --END-- [ RunTime:0.001934s ]
INFO: [ view_filter ] --START--
INFO: Run Behavior\WriteHtmlCacheBehavior [ RunTime:0.000073s ]
INFO: [ view_filter ] --END-- [ RunTime:0.000133s ]
INFO: [ app_end ] --START--
INFO: Run Behavior\ShowPageTraceBehavior [ RunTime:0.000066s ]
INFO: [ app_end ] --END-- [ RunTime:0.000125s ]

